2021-04-25 23:44:30 INFO  AuthorService:20 - create author start
2021-04-25 23:44:30 INFO  AuthorService:26 - create author finish
2021-04-25 23:45:56 INFO  AuthorService:20 - create author start
2021-04-25 23:45:56 INFO  AuthorService:26 - create author finish
2021-04-25 23:46:01 INFO  AuthorService:65 - finding all authors start
2021-04-25 23:46:01 INFO  AuthorService:73 - finding all authors finish
2021-04-25 23:46:42 INFO  AuthorService:65 - finding all authors start
2021-04-25 23:46:42 INFO  AuthorService:73 - finding all authors finish
2021-04-25 23:46:48 INFO  AuthorService:65 - finding all authors start
2021-04-25 23:46:48 INFO  AuthorService:73 - finding all authors finish
2021-04-25 23:46:48 INFO  BookService:20 - create book start
2021-04-25 23:46:48 INFO  BookService:26 - create book finish
2021-04-25 23:46:51 INFO  BookService:65 - find all books start
2021-04-25 23:46:51 INFO  BookService:73 - find all books finish
2021-04-25 23:46:51 INFO  AuthorService:51 - finding by id author start
2021-04-25 23:46:51 INFO  AuthorService:59 - finding by id author finish
2021-04-25 23:46:51 INFO  AuthorService:51 - finding by id author start
2021-04-25 23:46:51 INFO  AuthorService:59 - finding by id author finish
2021-04-25 23:47:04 INFO  AuthorService:65 - finding all authors start
2021-04-25 23:47:04 INFO  AuthorService:73 - finding all authors finish
2021-04-25 23:47:04 INFO  BookService:20 - create book start
2021-04-25 23:47:04 INFO  BookService:26 - create book finish
2021-04-25 23:47:19 INFO  AuthorService:65 - finding all authors start
2021-04-25 23:47:19 INFO  AuthorService:73 - finding all authors finish
2021-04-25 23:47:19 INFO  BookService:20 - create book start
2021-04-25 23:47:19 INFO  BookService:26 - create book finish
2021-04-25 23:47:26 INFO  AuthorService:65 - finding all authors start
2021-04-25 23:47:26 INFO  AuthorService:73 - finding all authors finish
2021-04-26 00:18:34 INFO  AuthorService:65 - finding all authors start
2021-04-26 00:18:34 INFO  AuthorService:73 - finding all authors finish
2021-04-26 00:18:34 INFO  AuthorService:65 - finding all authors start
2021-04-26 00:18:34 INFO  AuthorService:73 - finding all authors finish
2021-04-26 00:18:34 INFO  AuthorService:65 - finding all authors start
2021-04-26 00:18:34 INFO  AuthorService:73 - finding all authors finish
2021-04-26 00:18:34 INFO  BookService:65 - find all books start
2021-04-26 00:18:34 INFO  BookService:73 - find all books finish
2021-04-26 00:18:34 INFO  AuthorService:65 - finding all authors start
2021-04-26 00:18:34 INFO  AuthorService:73 - finding all authors finish
2021-04-26 00:18:34 INFO  AuthorService:20 - create author start
2021-04-26 00:18:34 INFO  AuthorService:26 - create author finish
2021-04-26 00:18:34 INFO  AuthorService:65 - finding all authors start
2021-04-26 00:18:34 INFO  AuthorService:73 - finding all authors finish
2021-04-26 00:18:34 INFO  AuthorService:51 - finding by id author start
2021-04-26 00:18:34 INFO  AuthorService:59 - finding by id author finish
2021-04-26 00:18:34 INFO  AuthorService:65 - finding all authors start
2021-04-26 00:18:34 INFO  AuthorService:73 - finding all authors finish
2021-04-26 00:18:34 INFO  BookService:65 - find all books start
2021-04-26 00:18:34 INFO  BookService:73 - find all books finish
2021-04-26 00:18:34 INFO  BookService:20 - create book start
2021-04-26 00:18:34 INFO  BookService:26 - create book finish
2021-04-26 00:18:34 INFO  BookService:65 - find all books start
2021-04-26 00:18:34 INFO  BookService:73 - find all books finish
2021-04-26 00:18:34 INFO  BookService:51 - find by id book start
2021-04-26 00:18:34 INFO  BookService:59 - find by id book finish
2021-04-26 00:18:34 INFO  BookService:65 - find all books start
2021-04-26 00:18:34 INFO  BookService:73 - find all books finish
2021-04-26 00:18:34 INFO  BookService:65 - find all books start
2021-04-26 00:18:34 INFO  BookService:73 - find all books finish
2021-04-26 00:18:34 INFO  BookService:65 - find all books start
2021-04-26 00:18:34 INFO  BookService:73 - find all books finish
2021-04-26 00:19:12 INFO  AuthorService:65 - finding all authors start
2021-04-26 00:19:12 INFO  AuthorService:73 - finding all authors finish
2021-04-26 00:19:12 INFO  AuthorService:65 - finding all authors start
2021-04-26 00:19:12 INFO  AuthorService:73 - finding all authors finish
2021-04-26 00:19:12 INFO  AuthorService:65 - finding all authors start
2021-04-26 00:19:12 INFO  AuthorService:73 - finding all authors finish
2021-04-26 00:19:12 INFO  BookService:65 - find all books start
2021-04-26 00:19:12 INFO  BookService:73 - find all books finish
2021-04-26 00:19:12 INFO  AuthorService:65 - finding all authors start
2021-04-26 00:19:12 INFO  AuthorService:73 - finding all authors finish
2021-04-26 00:19:12 INFO  AuthorService:20 - create author start
2021-04-26 00:19:12 INFO  AuthorService:26 - create author finish
2021-04-26 00:19:12 INFO  AuthorService:65 - finding all authors start
2021-04-26 00:19:12 INFO  AuthorService:73 - finding all authors finish
2021-04-26 00:19:12 INFO  AuthorService:51 - finding by id author start
2021-04-26 00:19:12 INFO  AuthorService:59 - finding by id author finish
2021-04-26 00:19:12 INFO  AuthorService:65 - finding all authors start
2021-04-26 00:19:12 INFO  AuthorService:73 - finding all authors finish
2021-04-26 00:19:12 INFO  BookService:65 - find all books start
2021-04-26 00:19:12 INFO  BookService:73 - find all books finish
2021-04-26 00:19:12 INFO  BookService:20 - create book start
2021-04-26 00:19:12 INFO  BookService:26 - create book finish
2021-04-26 00:19:12 INFO  BookService:65 - find all books start
2021-04-26 00:19:12 INFO  BookService:73 - find all books finish
2021-04-26 00:19:12 INFO  BookService:51 - find by id book start
2021-04-26 00:19:12 INFO  BookService:59 - find by id book finish
2021-04-26 00:19:12 INFO  BookService:65 - find all books start
2021-04-26 00:19:12 INFO  BookService:73 - find all books finish
2021-04-26 00:19:12 INFO  BookService:65 - find all books start
2021-04-26 00:19:12 INFO  BookService:73 - find all books finish
2021-04-26 00:19:12 INFO  BookService:65 - find all books start
2021-04-26 00:19:12 INFO  BookService:73 - find all books finish
2021-04-26 00:19:30 INFO  AuthorService:65 - finding all authors start
2021-04-26 00:19:30 INFO  AuthorService:73 - finding all authors finish
2021-04-26 00:19:40 INFO  AuthorService:65 - finding all authors start
2021-04-26 00:19:40 INFO  AuthorService:73 - finding all authors finish
2021-04-26 00:19:40 INFO  AuthorService:65 - finding all authors start
2021-04-26 00:19:40 INFO  AuthorService:73 - finding all authors finish
2021-04-26 00:19:41 INFO  BookService:65 - find all books start
2021-04-26 00:19:41 INFO  BookService:73 - find all books finish
2021-04-26 00:19:42 INFO  AuthorService:65 - finding all authors start
2021-04-26 00:19:42 INFO  AuthorService:73 - finding all authors finish
2021-04-26 00:19:42 INFO  AuthorService:20 - create author start
2021-04-26 00:19:42 INFO  AuthorService:26 - create author finish
2021-04-26 00:19:42 INFO  AuthorService:65 - finding all authors start
2021-04-26 00:19:42 INFO  AuthorService:73 - finding all authors finish
2021-04-26 00:19:42 INFO  AuthorService:51 - finding by id author start
2021-04-26 00:19:42 INFO  AuthorService:59 - finding by id author finish
2021-04-26 00:19:42 INFO  AuthorService:65 - finding all authors start
2021-04-26 00:19:42 INFO  AuthorService:73 - finding all authors finish
2021-04-26 00:19:43 INFO  BookService:65 - find all books start
2021-04-26 00:19:43 INFO  BookService:73 - find all books finish
2021-04-26 00:19:43 INFO  BookService:20 - create book start
2021-04-26 00:19:43 INFO  BookService:26 - create book finish
2021-04-26 00:19:43 INFO  BookService:65 - find all books start
2021-04-26 00:19:43 INFO  BookService:73 - find all books finish
2021-04-26 00:19:43 INFO  BookService:51 - find by id book start
2021-04-26 00:19:43 INFO  BookService:59 - find by id book finish
2021-04-26 00:19:43 INFO  BookService:65 - find all books start
2021-04-26 00:19:43 INFO  BookService:73 - find all books finish
2021-04-26 00:19:43 INFO  BookService:65 - find all books start
2021-04-26 00:19:43 INFO  BookService:73 - find all books finish
2021-04-26 00:19:43 INFO  BookService:65 - find all books start
2021-04-26 00:19:43 INFO  BookService:73 - find all books finish
2021-04-26 00:21:27 INFO  AuthorService:65 - finding all authors start
2021-04-26 00:21:27 INFO  AuthorService:73 - finding all authors finish
2021-04-26 00:22:01 INFO  AuthorService:65 - finding all authors start
2021-04-26 00:22:01 INFO  AuthorService:73 - finding all authors finish
2021-04-26 00:22:01 INFO  AuthorService:65 - finding all authors start
2021-04-26 00:22:01 INFO  AuthorService:73 - finding all authors finish
2021-04-26 00:22:10 INFO  AuthorService:65 - finding all authors start
2021-04-26 00:22:10 INFO  AuthorService:73 - finding all authors finish
2021-04-26 00:22:21 INFO  AuthorService:65 - finding all authors start
2021-04-26 00:22:21 INFO  AuthorService:73 - finding all authors finish
2021-04-26 00:22:24 INFO  AuthorService:65 - finding all authors start
2021-04-26 00:22:24 INFO  AuthorService:73 - finding all authors finish
2021-04-26 00:23:19 INFO  AuthorService:65 - finding all authors start
2021-04-26 00:23:19 INFO  AuthorService:73 - finding all authors finish
2021-04-26 00:23:49 INFO  AuthorService:65 - finding all authors start
2021-04-26 00:23:49 INFO  AuthorService:73 - finding all authors finish
2021-04-26 00:23:49 INFO  AuthorService:65 - finding all authors start
2021-04-26 00:23:49 INFO  AuthorService:73 - finding all authors finish
2021-04-26 00:24:00 INFO  AuthorService:65 - finding all authors start
2021-04-26 00:24:00 INFO  AuthorService:73 - finding all authors finish
2021-04-26 00:24:25 INFO  AuthorService:65 - finding all authors start
2021-04-26 00:24:25 INFO  AuthorService:73 - finding all authors finish
2021-04-26 00:24:25 INFO  AuthorService:65 - finding all authors start
2021-04-26 00:24:25 INFO  AuthorService:73 - finding all authors finish
2021-04-26 00:24:25 INFO  AuthorService:65 - finding all authors start
2021-04-26 00:24:25 INFO  AuthorService:73 - finding all authors finish
2021-04-26 00:24:25 INFO  AuthorService:65 - finding all authors start
2021-04-26 00:24:25 INFO  AuthorService:73 - finding all authors finish
2021-04-26 00:24:25 INFO  BookService:65 - find all books start
2021-04-26 00:24:25 INFO  BookService:73 - find all books finish
2021-04-26 00:24:25 INFO  AuthorService:65 - finding all authors start
2021-04-26 00:24:25 INFO  AuthorService:73 - finding all authors finish
2021-04-26 00:24:25 INFO  AuthorService:20 - create author start
2021-04-26 00:24:25 INFO  AuthorService:26 - create author finish
2021-04-26 00:24:26 INFO  AuthorService:65 - finding all authors start
2021-04-26 00:24:26 INFO  AuthorService:73 - finding all authors finish
2021-04-26 00:24:26 INFO  AuthorService:51 - finding by id author start
2021-04-26 00:24:26 INFO  AuthorService:59 - finding by id author finish
2021-04-26 00:24:26 INFO  AuthorService:65 - finding all authors start
2021-04-26 00:24:26 INFO  AuthorService:73 - finding all authors finish
2021-04-26 00:24:26 INFO  BookService:65 - find all books start
2021-04-26 00:24:26 INFO  BookService:73 - find all books finish
2021-04-26 00:24:26 INFO  BookService:20 - create book start
2021-04-26 00:24:26 INFO  BookService:26 - create book finish
2021-04-26 00:24:26 INFO  BookService:65 - find all books start
2021-04-26 00:24:26 INFO  BookService:73 - find all books finish
2021-04-26 00:24:26 INFO  BookService:51 - find by id book start
2021-04-26 00:24:26 INFO  BookService:59 - find by id book finish
2021-04-26 00:24:26 INFO  BookService:65 - find all books start
2021-04-26 00:24:26 INFO  BookService:73 - find all books finish
2021-04-26 00:24:26 INFO  BookService:65 - find all books start
2021-04-26 00:24:26 INFO  BookService:73 - find all books finish
2021-04-26 00:24:26 INFO  BookService:65 - find all books start
2021-04-26 00:24:26 INFO  BookService:73 - find all books finish
2021-04-26 00:25:49 INFO  AuthorService:65 - finding all authors start
2021-04-26 00:25:49 INFO  AuthorService:73 - finding all authors finish
2021-04-26 00:25:49 INFO  AuthorService:65 - finding all authors start
2021-04-26 00:25:49 INFO  AuthorService:73 - finding all authors finish
2021-04-26 00:25:49 INFO  AuthorService:65 - finding all authors start
2021-04-26 00:25:49 INFO  AuthorService:73 - finding all authors finish
2021-04-26 00:25:49 INFO  AuthorService:65 - finding all authors start
2021-04-26 00:25:49 INFO  AuthorService:73 - finding all authors finish
2021-04-26 00:25:49 INFO  BookService:65 - find all books start
2021-04-26 00:25:49 INFO  BookService:73 - find all books finish
2021-04-26 00:25:49 INFO  AuthorService:65 - finding all authors start
2021-04-26 00:25:49 INFO  AuthorService:73 - finding all authors finish
2021-04-26 00:25:49 INFO  AuthorService:20 - create author start
2021-04-26 00:25:49 INFO  AuthorService:26 - create author finish
2021-04-26 00:25:49 INFO  AuthorService:65 - finding all authors start
2021-04-26 00:25:49 INFO  AuthorService:73 - finding all authors finish
2021-04-26 00:25:49 INFO  AuthorService:51 - finding by id author start
2021-04-26 00:25:49 INFO  AuthorService:59 - finding by id author finish
2021-04-26 00:25:49 INFO  AuthorService:65 - finding all authors start
2021-04-26 00:25:49 INFO  AuthorService:73 - finding all authors finish
2021-04-26 00:25:49 INFO  BookService:65 - find all books start
2021-04-26 00:25:49 INFO  BookService:73 - find all books finish
2021-04-26 00:25:49 INFO  BookService:20 - create book start
2021-04-26 00:25:49 INFO  BookService:26 - create book finish
2021-04-26 00:25:49 INFO  BookService:65 - find all books start
2021-04-26 00:25:49 INFO  BookService:73 - find all books finish
2021-04-26 00:25:49 INFO  BookService:51 - find by id book start
2021-04-26 00:25:49 INFO  BookService:59 - find by id book finish
2021-04-26 00:25:49 INFO  BookService:65 - find all books start
2021-04-26 00:25:49 INFO  BookService:73 - find all books finish
2021-04-26 00:25:49 INFO  BookService:65 - find all books start
2021-04-26 00:25:49 INFO  BookService:73 - find all books finish
2021-04-26 00:25:49 INFO  BookService:65 - find all books start
2021-04-26 00:25:49 INFO  BookService:73 - find all books finish
2021-04-26 00:26:07 INFO  AuthorService:65 - finding all authors start
2021-04-26 00:26:07 INFO  AuthorService:73 - finding all authors finish
2021-04-26 00:26:15 INFO  AuthorService:65 - finding all authors start
2021-04-26 00:26:15 INFO  AuthorService:73 - finding all authors finish
2021-04-26 00:26:15 INFO  AuthorService:65 - finding all authors start
2021-04-26 00:26:15 INFO  AuthorService:73 - finding all authors finish
2021-04-26 00:26:15 INFO  AuthorService:65 - finding all authors start
2021-04-26 00:26:15 INFO  AuthorService:73 - finding all authors finish
2021-04-26 00:26:41 INFO  AuthorService:65 - finding all authors start
2021-04-26 00:26:41 INFO  AuthorService:73 - finding all authors finish
2021-04-26 00:26:41 INFO  AuthorService:65 - finding all authors start
2021-04-26 00:26:41 INFO  AuthorService:73 - finding all authors finish
2021-04-26 00:26:52 INFO  AuthorService:65 - finding all authors start
2021-04-26 00:26:52 INFO  AuthorService:73 - finding all authors finish
2021-04-26 00:26:52 INFO  AuthorService:65 - finding all authors start
2021-04-26 00:26:52 INFO  AuthorService:73 - finding all authors finish
2021-04-26 00:26:52 INFO  AuthorService:65 - finding all authors start
2021-04-26 00:26:52 INFO  AuthorService:73 - finding all authors finish
2021-04-26 00:26:52 INFO  AuthorService:65 - finding all authors start
2021-04-26 00:26:52 INFO  AuthorService:73 - finding all authors finish
2021-04-26 00:27:23 INFO  AuthorService:65 - finding all authors start
2021-04-26 00:27:27 INFO  AuthorService:73 - finding all authors finish
2021-04-26 00:27:29 INFO  AuthorService:65 - finding all authors start
2021-04-26 00:27:29 INFO  AuthorService:73 - finding all authors finish
2021-04-26 00:27:33 INFO  AuthorService:65 - finding all authors start
2021-04-26 00:27:33 INFO  AuthorService:73 - finding all authors finish
2021-04-26 00:27:33 INFO  AuthorService:65 - finding all authors start
2021-04-26 00:27:33 INFO  AuthorService:73 - finding all authors finish
2021-04-26 00:27:33 INFO  BookService:65 - find all books start
2021-04-26 00:27:33 INFO  BookService:73 - find all books finish
2021-04-26 00:27:33 INFO  AuthorService:65 - finding all authors start
2021-04-26 00:27:33 INFO  AuthorService:73 - finding all authors finish
2021-04-26 00:27:33 INFO  AuthorService:20 - create author start
2021-04-26 00:27:33 INFO  AuthorService:26 - create author finish
2021-04-26 00:27:33 INFO  AuthorService:65 - finding all authors start
2021-04-26 00:27:33 INFO  AuthorService:73 - finding all authors finish
2021-04-26 00:27:33 INFO  AuthorService:51 - finding by id author start
2021-04-26 00:27:33 INFO  AuthorService:59 - finding by id author finish
2021-04-26 00:27:33 INFO  AuthorService:65 - finding all authors start
2021-04-26 00:27:33 INFO  AuthorService:73 - finding all authors finish
2021-04-26 00:27:33 INFO  BookService:65 - find all books start
2021-04-26 00:27:33 INFO  BookService:73 - find all books finish
2021-04-26 00:27:33 INFO  BookService:20 - create book start
2021-04-26 00:27:33 INFO  BookService:26 - create book finish
2021-04-26 00:27:33 INFO  BookService:65 - find all books start
2021-04-26 00:27:33 INFO  BookService:73 - find all books finish
2021-04-26 00:27:33 INFO  BookService:51 - find by id book start
2021-04-26 00:27:33 INFO  BookService:59 - find by id book finish
2021-04-26 00:27:33 INFO  BookService:65 - find all books start
2021-04-26 00:27:33 INFO  BookService:73 - find all books finish
2021-04-26 00:27:33 INFO  BookService:65 - find all books start
2021-04-26 00:27:33 INFO  BookService:73 - find all books finish
2021-04-26 00:27:33 INFO  BookService:65 - find all books start
2021-04-26 00:27:33 INFO  BookService:73 - find all books finish
2021-04-26 00:31:01 INFO  AuthorService:65 - finding all authors start
2021-04-26 00:31:01 INFO  AuthorService:73 - finding all authors finish
2021-04-26 00:31:01 INFO  AuthorService:65 - finding all authors start
2021-04-26 00:31:01 INFO  AuthorService:73 - finding all authors finish
2021-04-26 00:31:01 INFO  AuthorService:65 - finding all authors start
2021-04-26 00:31:01 INFO  AuthorService:73 - finding all authors finish
2021-04-26 00:31:01 INFO  AuthorService:65 - finding all authors start
2021-04-26 00:31:01 INFO  AuthorService:73 - finding all authors finish
2021-04-26 00:31:01 INFO  BookService:65 - find all books start
2021-04-26 00:31:01 INFO  BookService:73 - find all books finish
2021-04-26 00:31:01 INFO  AuthorService:65 - finding all authors start
2021-04-26 00:31:01 INFO  AuthorService:73 - finding all authors finish
2021-04-26 00:31:01 INFO  AuthorService:20 - create author start
2021-04-26 00:31:01 INFO  AuthorService:26 - create author finish
2021-04-26 00:31:01 INFO  AuthorService:65 - finding all authors start
2021-04-26 00:31:01 INFO  AuthorService:73 - finding all authors finish
2021-04-26 00:31:01 INFO  AuthorService:51 - finding by id author start
2021-04-26 00:31:01 INFO  AuthorService:59 - finding by id author finish
2021-04-26 00:31:01 INFO  AuthorService:65 - finding all authors start
2021-04-26 00:31:01 INFO  AuthorService:73 - finding all authors finish
2021-04-26 00:31:01 INFO  BookService:65 - find all books start
2021-04-26 00:31:01 INFO  BookService:73 - find all books finish
2021-04-26 00:31:01 INFO  BookService:20 - create book start
2021-04-26 00:31:01 INFO  BookService:26 - create book finish
2021-04-26 00:31:01 INFO  BookService:65 - find all books start
2021-04-26 00:31:01 INFO  BookService:73 - find all books finish
2021-04-26 00:31:01 INFO  BookService:51 - find by id book start
2021-04-26 00:31:01 INFO  BookService:59 - find by id book finish
2021-04-26 00:31:01 INFO  BookService:65 - find all books start
2021-04-26 00:31:01 INFO  BookService:73 - find all books finish
2021-04-26 00:31:01 INFO  BookService:65 - find all books start
2021-04-26 00:31:01 INFO  BookService:73 - find all books finish
2021-04-26 00:31:01 INFO  BookService:65 - find all books start
2021-04-26 00:31:01 INFO  BookService:73 - find all books finish
2021-04-26 00:31:23 INFO  AuthorService:65 - finding all authors start
2021-04-26 00:31:23 INFO  AuthorService:73 - finding all authors finish
2021-04-26 00:32:32 INFO  AuthorService:65 - finding all authors start
2021-04-26 00:32:32 INFO  AuthorService:73 - finding all authors finish
2021-04-26 00:32:32 INFO  AuthorService:65 - finding all authors start
2021-04-26 00:32:32 INFO  AuthorService:73 - finding all authors finish
2021-04-26 00:32:32 INFO  AuthorService:65 - finding all authors start
2021-04-26 00:32:32 INFO  AuthorService:73 - finding all authors finish
2021-04-26 00:32:32 INFO  AuthorService:65 - finding all authors start
2021-04-26 00:32:32 INFO  AuthorService:73 - finding all authors finish
2021-04-26 00:32:32 INFO  BookService:65 - find all books start
2021-04-26 00:32:32 INFO  BookService:73 - find all books finish
2021-04-26 00:32:32 INFO  AuthorService:65 - finding all authors start
2021-04-26 00:32:32 INFO  AuthorService:73 - finding all authors finish
2021-04-26 00:32:32 INFO  AuthorService:20 - create author start
2021-04-26 00:32:32 INFO  AuthorService:26 - create author finish
2021-04-26 00:32:32 INFO  AuthorService:65 - finding all authors start
2021-04-26 00:32:32 INFO  AuthorService:73 - finding all authors finish
2021-04-26 00:32:32 INFO  AuthorService:51 - finding by id author start
2021-04-26 00:32:32 INFO  AuthorService:59 - finding by id author finish
2021-04-26 00:32:32 INFO  AuthorService:65 - finding all authors start
2021-04-26 00:32:32 INFO  AuthorService:73 - finding all authors finish
2021-04-26 00:32:32 INFO  BookService:65 - find all books start
2021-04-26 00:32:32 INFO  BookService:73 - find all books finish
2021-04-26 00:32:32 INFO  BookService:20 - create book start
2021-04-26 00:32:32 INFO  BookService:26 - create book finish
2021-04-26 00:32:32 INFO  BookService:65 - find all books start
2021-04-26 00:32:32 INFO  BookService:73 - find all books finish
2021-04-26 00:32:32 INFO  BookService:51 - find by id book start
2021-04-26 00:32:32 INFO  BookService:59 - find by id book finish
2021-04-26 00:32:32 INFO  BookService:65 - find all books start
2021-04-26 00:32:32 INFO  BookService:73 - find all books finish
2021-04-26 00:32:32 INFO  BookService:65 - find all books start
2021-04-26 00:32:32 INFO  BookService:73 - find all books finish
2021-04-26 00:32:32 INFO  BookService:65 - find all books start
2021-04-26 00:32:32 INFO  BookService:73 - find all books finish
2021-04-26 00:33:17 INFO  AuthorService:65 - finding all authors start
2021-04-26 00:33:17 INFO  AuthorService:73 - finding all authors finish
2021-04-26 00:33:17 INFO  AuthorService:20 - create author start
2021-04-26 00:33:17 INFO  AuthorService:26 - create author finish
2021-04-26 00:33:17 INFO  AuthorService:65 - finding all authors start
2021-04-26 00:33:17 INFO  AuthorService:73 - finding all authors finish
2021-04-26 00:33:17 INFO  AuthorService:51 - finding by id author start
2021-04-26 00:33:17 INFO  AuthorService:59 - finding by id author finish
2021-04-26 00:33:17 INFO  AuthorService:65 - finding all authors start
2021-04-26 00:33:17 INFO  AuthorService:73 - finding all authors finish
2021-04-26 00:33:25 INFO  AuthorService:65 - finding all authors start
2021-04-26 00:33:25 INFO  AuthorService:73 - finding all authors finish
2021-04-26 00:33:25 INFO  AuthorService:65 - finding all authors start
2021-04-26 00:33:25 INFO  AuthorService:73 - finding all authors finish
2021-04-26 00:34:00 INFO  AuthorService:65 - finding all authors start
2021-04-26 00:34:00 INFO  AuthorService:73 - finding all authors finish
2021-04-26 00:34:00 INFO  AuthorService:20 - create author start
2021-04-26 00:34:00 INFO  AuthorService:26 - create author finish
2021-04-26 00:34:00 INFO  AuthorService:65 - finding all authors start
2021-04-26 00:34:00 INFO  AuthorService:73 - finding all authors finish
2021-04-26 00:34:00 INFO  AuthorService:51 - finding by id author start
2021-04-26 00:34:00 INFO  AuthorService:59 - finding by id author finish
2021-04-26 00:34:00 INFO  AuthorService:65 - finding all authors start
2021-04-26 00:34:00 INFO  AuthorService:73 - finding all authors finish
2021-04-26 00:34:00 INFO  AuthorService:65 - finding all authors start
2021-04-26 00:34:00 INFO  AuthorService:73 - finding all authors finish
2021-04-26 00:34:00 INFO  AuthorService:65 - finding all authors start
2021-04-26 00:34:00 INFO  AuthorService:73 - finding all authors finish
2021-04-26 00:34:00 INFO  AuthorService:51 - finding by id author start
2021-04-26 00:34:00 INFO  AuthorService:59 - finding by id author finish
2021-04-26 00:34:00 INFO  AuthorService:32 - update author start
2021-04-26 00:34:00 INFO  AuthorService:38 - update author finish
2021-04-26 00:34:00 INFO  AuthorService:65 - finding all authors start
2021-04-26 00:34:00 INFO  AuthorService:73 - finding all authors finish
2021-04-26 00:34:19 INFO  AuthorService:65 - finding all authors start
2021-04-26 00:34:19 INFO  AuthorService:73 - finding all authors finish
2021-04-26 00:34:19 INFO  AuthorService:20 - create author start
2021-04-26 00:34:19 INFO  AuthorService:26 - create author finish
2021-04-26 00:34:19 INFO  AuthorService:65 - finding all authors start
2021-04-26 00:34:19 INFO  AuthorService:73 - finding all authors finish
2021-04-26 00:34:19 INFO  AuthorService:51 - finding by id author start
2021-04-26 00:34:19 INFO  AuthorService:59 - finding by id author finish
2021-04-26 00:34:19 INFO  AuthorService:65 - finding all authors start
2021-04-26 00:34:19 INFO  AuthorService:73 - finding all authors finish
2021-04-26 00:34:21 INFO  AuthorService:65 - finding all authors start
2021-04-26 00:34:21 INFO  AuthorService:73 - finding all authors finish
2021-04-26 00:34:37 INFO  AuthorService:65 - finding all authors start
2021-04-26 00:34:37 INFO  AuthorService:73 - finding all authors finish
2021-04-26 00:35:14 INFO  AuthorService:51 - finding by id author start
2021-04-26 00:35:14 INFO  AuthorService:59 - finding by id author finish
2021-04-26 00:35:26 INFO  AuthorService:32 - update author start
2021-04-26 00:35:26 INFO  AuthorService:38 - update author finish
2021-04-26 00:35:33 INFO  AuthorService:65 - finding all authors start
2021-04-26 00:35:33 INFO  AuthorService:73 - finding all authors finish
2021-04-26 00:37:19 INFO  AuthorService:65 - finding all authors start
2021-04-26 00:37:19 INFO  AuthorService:73 - finding all authors finish
2021-04-26 00:37:19 INFO  AuthorService:20 - create author start
2021-04-26 00:37:19 INFO  AuthorService:26 - create author finish
2021-04-26 00:37:19 INFO  AuthorService:65 - finding all authors start
2021-04-26 00:37:19 INFO  AuthorService:73 - finding all authors finish
2021-04-26 00:37:19 INFO  AuthorService:51 - finding by id author start
2021-04-26 00:37:19 INFO  AuthorService:59 - finding by id author finish
2021-04-26 00:37:19 INFO  AuthorService:65 - finding all authors start
2021-04-26 00:37:19 INFO  AuthorService:73 - finding all authors finish
2021-04-26 00:37:19 INFO  AuthorService:65 - finding all authors start
2021-04-26 00:37:19 INFO  AuthorService:73 - finding all authors finish
2021-04-26 00:37:19 INFO  AuthorService:65 - finding all authors start
2021-04-26 00:37:19 INFO  AuthorService:73 - finding all authors finish
2021-04-26 00:37:19 INFO  AuthorService:51 - finding by id author start
2021-04-26 00:37:19 INFO  AuthorService:59 - finding by id author finish
2021-04-26 00:37:19 INFO  AuthorService:32 - update author start
2021-04-26 00:37:19 INFO  AuthorService:38 - update author finish
2021-04-26 00:37:19 INFO  AuthorService:65 - finding all authors start
2021-04-26 00:37:19 INFO  AuthorService:73 - finding all authors finish
2021-04-26 00:37:19 INFO  AuthorService:51 - finding by id author start
2021-04-26 00:37:19 INFO  AuthorService:59 - finding by id author finish
2021-04-26 00:37:34 INFO  AuthorService:65 - finding all authors start
2021-04-26 00:37:34 INFO  AuthorService:73 - finding all authors finish
2021-04-26 00:37:34 INFO  AuthorService:20 - create author start
2021-04-26 00:37:34 INFO  AuthorService:26 - create author finish
2021-04-26 00:37:34 INFO  AuthorService:65 - finding all authors start
2021-04-26 00:37:34 INFO  AuthorService:73 - finding all authors finish
2021-04-26 00:37:34 INFO  AuthorService:51 - finding by id author start
2021-04-26 00:37:34 INFO  AuthorService:59 - finding by id author finish
2021-04-26 00:37:34 INFO  AuthorService:65 - finding all authors start
2021-04-26 00:37:34 INFO  AuthorService:73 - finding all authors finish
2021-04-26 00:37:34 INFO  AuthorService:65 - finding all authors start
2021-04-26 00:37:34 INFO  AuthorService:73 - finding all authors finish
2021-04-26 00:37:34 INFO  AuthorService:65 - finding all authors start
2021-04-26 00:37:34 INFO  AuthorService:73 - finding all authors finish
2021-04-26 00:37:34 INFO  AuthorService:51 - finding by id author start
2021-04-26 00:37:34 INFO  AuthorService:59 - finding by id author finish
2021-04-26 00:37:34 INFO  AuthorService:32 - update author start
2021-04-26 00:37:34 INFO  AuthorService:38 - update author finish
2021-04-26 00:37:34 INFO  AuthorService:65 - finding all authors start
2021-04-26 00:37:34 INFO  AuthorService:73 - finding all authors finish
2021-04-26 00:37:34 INFO  AuthorService:51 - finding by id author start
2021-04-26 00:37:34 INFO  AuthorService:59 - finding by id author finish
2021-04-26 00:37:55 INFO  AuthorService:65 - finding all authors start
2021-04-26 00:37:55 INFO  AuthorService:73 - finding all authors finish
2021-04-26 00:37:55 INFO  AuthorService:65 - finding all authors start
2021-04-26 00:37:55 INFO  AuthorService:73 - finding all authors finish
2021-04-26 00:37:55 INFO  AuthorService:65 - finding all authors start
2021-04-26 00:37:55 INFO  AuthorService:73 - finding all authors finish
2021-04-26 00:37:55 INFO  AuthorService:65 - finding all authors start
2021-04-26 00:37:55 INFO  AuthorService:73 - finding all authors finish
2021-04-26 00:37:55 INFO  BookService:65 - find all books start
2021-04-26 00:37:55 INFO  BookService:73 - find all books finish
2021-04-26 00:37:55 INFO  AuthorService:65 - finding all authors start
2021-04-26 00:37:55 INFO  AuthorService:73 - finding all authors finish
2021-04-26 00:37:55 INFO  AuthorService:20 - create author start
2021-04-26 00:37:55 INFO  AuthorService:26 - create author finish
2021-04-26 00:37:55 INFO  AuthorService:65 - finding all authors start
2021-04-26 00:37:55 INFO  AuthorService:73 - finding all authors finish
2021-04-26 00:37:55 INFO  AuthorService:51 - finding by id author start
2021-04-26 00:37:55 INFO  AuthorService:59 - finding by id author finish
2021-04-26 00:37:55 INFO  AuthorService:65 - finding all authors start
2021-04-26 00:37:55 INFO  AuthorService:73 - finding all authors finish
2021-04-26 00:37:55 INFO  BookService:65 - find all books start
2021-04-26 00:37:55 INFO  BookService:73 - find all books finish
2021-04-26 00:37:55 INFO  BookService:20 - create book start
2021-04-26 00:37:55 INFO  BookService:26 - create book finish
2021-04-26 00:37:55 INFO  BookService:65 - find all books start
2021-04-26 00:37:55 INFO  BookService:73 - find all books finish
2021-04-26 00:37:55 INFO  BookService:51 - find by id book start
2021-04-26 00:37:55 INFO  BookService:59 - find by id book finish
2021-04-26 00:37:55 INFO  BookService:65 - find all books start
2021-04-26 00:37:55 INFO  BookService:73 - find all books finish
2021-04-26 00:37:55 INFO  BookService:65 - find all books start
2021-04-26 00:37:55 INFO  BookService:73 - find all books finish
2021-04-26 00:37:55 INFO  BookService:65 - find all books start
2021-04-26 00:37:55 INFO  BookService:73 - find all books finish
2021-04-26 00:38:35 INFO  AuthorService:65 - finding all authors start
2021-04-26 00:38:35 INFO  AuthorService:73 - finding all authors finish
2021-04-26 00:38:35 INFO  AuthorService:20 - create author start
2021-04-26 00:38:35 INFO  AuthorService:26 - create author finish
2021-04-26 00:38:35 INFO  AuthorService:65 - finding all authors start
2021-04-26 00:38:35 INFO  AuthorService:73 - finding all authors finish
2021-04-26 00:38:35 INFO  AuthorService:51 - finding by id author start
2021-04-26 00:38:35 INFO  AuthorService:59 - finding by id author finish
2021-04-26 00:38:35 INFO  AuthorService:65 - finding all authors start
2021-04-26 00:38:35 INFO  AuthorService:73 - finding all authors finish
2021-04-26 00:38:35 INFO  AuthorService:65 - finding all authors start
2021-04-26 00:38:35 INFO  AuthorService:73 - finding all authors finish
2021-04-26 00:38:35 INFO  AuthorService:65 - finding all authors start
2021-04-26 00:38:35 INFO  AuthorService:73 - finding all authors finish
2021-04-26 00:38:56 INFO  AuthorService:65 - finding all authors start
2021-04-26 00:38:56 INFO  AuthorService:73 - finding all authors finish
2021-04-26 00:38:56 INFO  AuthorService:20 - create author start
2021-04-26 00:38:56 INFO  AuthorService:26 - create author finish
2021-04-26 00:38:56 INFO  AuthorService:65 - finding all authors start
2021-04-26 00:38:56 INFO  AuthorService:73 - finding all authors finish
2021-04-26 00:38:56 INFO  AuthorService:51 - finding by id author start
2021-04-26 00:38:56 INFO  AuthorService:59 - finding by id author finish
2021-04-26 00:38:56 INFO  AuthorService:65 - finding all authors start
2021-04-26 00:38:56 INFO  AuthorService:73 - finding all authors finish
2021-04-26 00:38:56 INFO  AuthorService:65 - finding all authors start
2021-04-26 00:38:56 INFO  AuthorService:73 - finding all authors finish
2021-04-26 00:38:56 INFO  AuthorService:65 - finding all authors start
2021-04-26 00:38:56 INFO  AuthorService:73 - finding all authors finish
2021-04-26 00:38:56 INFO  AuthorService:51 - finding by id author start
2021-04-26 00:38:56 INFO  AuthorService:59 - finding by id author finish
2021-04-26 00:38:56 INFO  AuthorService:44 - delete author start
2021-04-26 00:38:56 INFO  AuthorService:46 - delete author finish
2021-04-26 00:38:56 INFO  AuthorService:65 - finding all authors start
2021-04-26 00:38:56 INFO  AuthorService:73 - finding all authors finish
2021-04-26 00:39:22 INFO  AuthorService:65 - finding all authors start
2021-04-26 00:39:22 INFO  AuthorService:73 - finding all authors finish
2021-04-26 00:39:22 INFO  AuthorService:20 - create author start
2021-04-26 00:39:22 INFO  AuthorService:26 - create author finish
2021-04-26 00:39:23 INFO  AuthorService:65 - finding all authors start
2021-04-26 00:39:23 INFO  AuthorService:73 - finding all authors finish
2021-04-26 00:39:23 INFO  AuthorService:51 - finding by id author start
2021-04-26 00:39:23 INFO  AuthorService:59 - finding by id author finish
2021-04-26 00:39:23 INFO  AuthorService:65 - finding all authors start
2021-04-26 00:39:23 INFO  AuthorService:73 - finding all authors finish
2021-04-26 00:39:23 INFO  AuthorService:65 - finding all authors start
2021-04-26 00:39:23 INFO  AuthorService:73 - finding all authors finish
2021-04-26 00:39:23 INFO  AuthorService:65 - finding all authors start
2021-04-26 00:39:23 INFO  AuthorService:73 - finding all authors finish
2021-04-26 00:39:23 INFO  AuthorService:51 - finding by id author start
2021-04-26 00:39:23 INFO  AuthorService:59 - finding by id author finish
2021-04-26 00:39:23 INFO  AuthorService:32 - update author start
2021-04-26 00:39:23 INFO  AuthorService:38 - update author finish
2021-04-26 00:39:23 INFO  AuthorService:65 - finding all authors start
2021-04-26 00:39:23 INFO  AuthorService:73 - finding all authors finish
2021-04-26 00:39:23 INFO  AuthorService:51 - finding by id author start
2021-04-26 00:39:23 INFO  AuthorService:59 - finding by id author finish
2021-04-26 00:39:23 INFO  AuthorService:65 - finding all authors start
2021-04-26 00:39:23 INFO  AuthorService:73 - finding all authors finish
2021-04-26 00:39:23 INFO  AuthorService:20 - create author start
2021-04-26 00:39:23 INFO  AuthorService:26 - create author finish
2021-04-26 00:39:23 INFO  AuthorService:65 - finding all authors start
2021-04-26 00:39:23 INFO  AuthorService:73 - finding all authors finish
2021-04-26 00:39:23 INFO  AuthorService:51 - finding by id author start
2021-04-26 00:39:23 INFO  AuthorService:59 - finding by id author finish
2021-04-26 00:39:23 INFO  AuthorService:65 - finding all authors start
2021-04-26 00:39:23 INFO  AuthorService:73 - finding all authors finish
2021-04-26 00:39:23 INFO  AuthorService:65 - finding all authors start
2021-04-26 00:39:23 INFO  AuthorService:73 - finding all authors finish
2021-04-26 00:39:23 INFO  AuthorService:65 - finding all authors start
2021-04-26 00:39:23 INFO  AuthorService:73 - finding all authors finish
2021-04-26 00:39:23 INFO  AuthorService:51 - finding by id author start
2021-04-26 00:39:23 INFO  AuthorService:59 - finding by id author finish
2021-04-26 00:39:23 INFO  AuthorService:44 - delete author start
2021-04-26 00:39:23 INFO  AuthorService:46 - delete author finish
2021-04-26 00:39:23 INFO  AuthorService:65 - finding all authors start
2021-04-26 00:39:23 INFO  AuthorService:73 - finding all authors finish
2021-04-26 00:39:23 INFO  BookService:65 - find all books start
2021-04-26 00:39:23 INFO  BookService:73 - find all books finish
2021-04-26 00:39:23 INFO  BookService:20 - create book start
2021-04-26 00:39:23 INFO  BookService:26 - create book finish
2021-04-26 00:39:23 INFO  BookService:65 - find all books start
2021-04-26 00:39:23 INFO  BookService:73 - find all books finish
2021-04-26 00:39:23 INFO  BookService:51 - find by id book start
2021-04-26 00:39:23 INFO  BookService:59 - find by id book finish
2021-04-26 00:39:23 INFO  BookService:65 - find all books start
2021-04-26 00:39:23 INFO  BookService:73 - find all books finish
2021-04-26 00:39:23 INFO  BookService:65 - find all books start
2021-04-26 00:39:23 INFO  BookService:73 - find all books finish
2021-04-26 00:39:23 INFO  BookService:51 - find by id book start
2021-04-26 00:39:23 INFO  BookService:59 - find by id book finish
2021-04-26 00:39:23 INFO  BookService:32 - update book start
2021-04-26 00:39:23 INFO  BookService:38 - update book finish
2021-04-26 00:39:23 INFO  BookService:65 - find all books start
2021-04-26 00:39:23 INFO  BookService:73 - find all books finish
2021-04-26 00:39:23 INFO  AuthorService:65 - finding all authors start
2021-04-26 00:39:23 INFO  AuthorService:73 - finding all authors finish
2021-04-26 00:39:23 INFO  AuthorService:20 - create author start
2021-04-26 00:39:23 INFO  AuthorService:26 - create author finish
2021-04-26 00:39:23 INFO  AuthorService:65 - finding all authors start
2021-04-26 00:39:23 INFO  AuthorService:73 - finding all authors finish
2021-04-26 00:39:23 INFO  AuthorService:51 - finding by id author start
2021-04-26 00:39:23 INFO  AuthorService:59 - finding by id author finish
2021-04-26 00:39:23 INFO  AuthorService:65 - finding all authors start
2021-04-26 00:39:23 INFO  AuthorService:73 - finding all authors finish
2021-04-26 00:39:23 INFO  BookService:65 - find all books start
2021-04-26 00:39:23 INFO  BookService:73 - find all books finish
2021-04-26 00:39:23 INFO  BookService:20 - create book start
2021-04-26 00:39:23 INFO  BookService:26 - create book finish
2021-04-26 00:39:23 INFO  BookService:65 - find all books start
2021-04-26 00:39:23 INFO  BookService:73 - find all books finish
2021-04-26 00:39:23 INFO  BookService:51 - find by id book start
2021-04-26 00:39:23 INFO  BookService:59 - find by id book finish
2021-04-26 00:39:23 INFO  BookService:65 - find all books start
2021-04-26 00:39:23 INFO  BookService:73 - find all books finish
2021-04-26 00:39:23 INFO  BookService:65 - find all books start
2021-04-26 00:39:23 INFO  BookService:73 - find all books finish
2021-04-26 00:39:23 INFO  BookService:20 - create book start
2021-04-26 00:39:23 INFO  BookService:26 - create book finish
2021-04-26 00:39:23 INFO  BookService:65 - find all books start
2021-04-26 00:39:23 INFO  BookService:73 - find all books finish
2021-04-26 00:39:23 INFO  BookService:51 - find by id book start
2021-04-26 00:39:23 INFO  BookService:59 - find by id book finish
2021-04-26 00:39:23 INFO  BookService:65 - find all books start
2021-04-26 00:39:23 INFO  BookService:73 - find all books finish
2021-04-26 00:39:23 INFO  BookService:65 - find all books start
2021-04-26 00:39:23 INFO  BookService:73 - find all books finish
2021-04-26 00:39:23 INFO  BookService:65 - find all books start
2021-04-26 00:39:23 INFO  BookService:73 - find all books finish
2021-04-26 00:39:23 INFO  BookService:51 - find by id book start
2021-04-26 00:39:23 INFO  BookService:59 - find by id book finish
2021-04-26 00:39:23 INFO  BookService:44 - delete book start
2021-04-26 00:39:23 INFO  BookService:46 - delete book finish
2021-04-26 00:39:23 INFO  BookService:65 - find all books start
2021-04-26 00:39:23 INFO  BookService:73 - find all books finish
2021-04-26 00:39:54 INFO  AuthorService:65 - finding all authors start
2021-04-26 00:39:54 INFO  AuthorService:73 - finding all authors finish
2021-04-26 00:39:54 INFO  AuthorService:20 - create author start
2021-04-26 00:39:54 INFO  AuthorService:26 - create author finish
2021-04-26 00:39:54 INFO  AuthorService:65 - finding all authors start
2021-04-26 00:39:54 INFO  AuthorService:73 - finding all authors finish
2021-04-26 00:39:54 INFO  AuthorService:51 - finding by id author start
2021-04-26 00:39:54 INFO  AuthorService:59 - finding by id author finish
2021-04-26 00:39:54 INFO  AuthorService:65 - finding all authors start
2021-04-26 00:39:54 INFO  AuthorService:73 - finding all authors finish
2021-04-26 00:39:54 INFO  AuthorService:65 - finding all authors start
2021-04-26 00:39:54 INFO  AuthorService:73 - finding all authors finish
2021-04-26 00:39:54 INFO  AuthorService:65 - finding all authors start
2021-04-26 00:39:54 INFO  AuthorService:73 - finding all authors finish
2021-04-26 00:39:54 INFO  AuthorService:51 - finding by id author start
2021-04-26 00:39:54 INFO  AuthorService:59 - finding by id author finish
2021-04-26 00:39:54 INFO  AuthorService:32 - update author start
2021-04-26 00:39:54 INFO  AuthorService:38 - update author finish
2021-04-26 00:39:54 INFO  AuthorService:65 - finding all authors start
2021-04-26 00:39:54 INFO  AuthorService:73 - finding all authors finish
2021-04-26 00:39:54 INFO  AuthorService:51 - finding by id author start
2021-04-26 00:39:54 INFO  AuthorService:59 - finding by id author finish
2021-04-26 00:39:54 INFO  AuthorService:65 - finding all authors start
2021-04-26 00:39:54 INFO  AuthorService:73 - finding all authors finish
2021-04-26 00:39:54 INFO  AuthorService:20 - create author start
2021-04-26 00:39:54 INFO  AuthorService:26 - create author finish
2021-04-26 00:39:54 INFO  AuthorService:65 - finding all authors start
2021-04-26 00:39:54 INFO  AuthorService:73 - finding all authors finish
2021-04-26 00:39:54 INFO  AuthorService:51 - finding by id author start
2021-04-26 00:39:54 INFO  AuthorService:59 - finding by id author finish
2021-04-26 00:39:54 INFO  AuthorService:65 - finding all authors start
2021-04-26 00:39:54 INFO  AuthorService:73 - finding all authors finish
2021-04-26 00:39:54 INFO  AuthorService:65 - finding all authors start
2021-04-26 00:39:54 INFO  AuthorService:73 - finding all authors finish
2021-04-26 00:39:54 INFO  AuthorService:65 - finding all authors start
2021-04-26 00:39:54 INFO  AuthorService:73 - finding all authors finish
2021-04-26 00:39:54 INFO  AuthorService:51 - finding by id author start
2021-04-26 00:39:54 INFO  AuthorService:59 - finding by id author finish
2021-04-26 00:39:54 INFO  AuthorService:44 - delete author start
2021-04-26 00:39:54 INFO  AuthorService:46 - delete author finish
2021-04-26 00:39:54 INFO  AuthorService:65 - finding all authors start
2021-04-26 00:39:54 INFO  AuthorService:73 - finding all authors finish
2021-04-26 00:39:54 INFO  BookService:65 - find all books start
2021-04-26 00:39:54 INFO  BookService:73 - find all books finish
2021-04-26 00:39:54 INFO  BookService:20 - create book start
2021-04-26 00:39:54 INFO  BookService:26 - create book finish
2021-04-26 00:39:54 INFO  BookService:65 - find all books start
2021-04-26 00:39:54 INFO  BookService:73 - find all books finish
2021-04-26 00:39:54 INFO  BookService:51 - find by id book start
2021-04-26 00:39:54 INFO  BookService:59 - find by id book finish
2021-04-26 00:39:54 INFO  BookService:65 - find all books start
2021-04-26 00:39:54 INFO  BookService:73 - find all books finish
2021-04-26 00:39:54 INFO  BookService:65 - find all books start
2021-04-26 00:39:54 INFO  BookService:73 - find all books finish
2021-04-26 00:39:54 INFO  BookService:51 - find by id book start
2021-04-26 00:39:54 INFO  BookService:59 - find by id book finish
2021-04-26 00:39:54 INFO  BookService:32 - update book start
2021-04-26 00:39:54 INFO  BookService:38 - update book finish
2021-04-26 00:39:54 INFO  BookService:65 - find all books start
2021-04-26 00:39:54 INFO  BookService:73 - find all books finish
2021-04-26 00:39:54 INFO  BookService:51 - find by id book start
2021-04-26 00:39:54 INFO  BookService:59 - find by id book finish
2021-04-26 00:39:54 INFO  AuthorService:65 - finding all authors start
2021-04-26 00:39:54 INFO  AuthorService:73 - finding all authors finish
2021-04-26 00:39:54 INFO  AuthorService:20 - create author start
2021-04-26 00:39:54 INFO  AuthorService:26 - create author finish
2021-04-26 00:39:54 INFO  AuthorService:65 - finding all authors start
2021-04-26 00:39:54 INFO  AuthorService:73 - finding all authors finish
2021-04-26 00:39:54 INFO  AuthorService:51 - finding by id author start
2021-04-26 00:39:54 INFO  AuthorService:59 - finding by id author finish
2021-04-26 00:39:54 INFO  AuthorService:65 - finding all authors start
2021-04-26 00:39:54 INFO  AuthorService:73 - finding all authors finish
2021-04-26 00:39:54 INFO  BookService:65 - find all books start
2021-04-26 00:39:54 INFO  BookService:73 - find all books finish
2021-04-26 00:39:54 INFO  BookService:20 - create book start
2021-04-26 00:39:54 INFO  BookService:26 - create book finish
2021-04-26 00:39:54 INFO  BookService:65 - find all books start
2021-04-26 00:39:54 INFO  BookService:73 - find all books finish
2021-04-26 00:39:54 INFO  BookService:51 - find by id book start
2021-04-26 00:39:54 INFO  BookService:59 - find by id book finish
2021-04-26 00:39:54 INFO  BookService:65 - find all books start
2021-04-26 00:39:54 INFO  BookService:73 - find all books finish
2021-04-26 00:39:54 INFO  BookService:65 - find all books start
2021-04-26 00:39:54 INFO  BookService:73 - find all books finish
2021-04-26 00:39:54 INFO  BookService:20 - create book start
2021-04-26 00:39:54 INFO  BookService:26 - create book finish
2021-04-26 00:39:54 INFO  BookService:65 - find all books start
2021-04-26 00:39:54 INFO  BookService:73 - find all books finish
2021-04-26 00:39:54 INFO  BookService:51 - find by id book start
2021-04-26 00:39:54 INFO  BookService:59 - find by id book finish
2021-04-26 00:39:54 INFO  BookService:65 - find all books start
2021-04-26 00:39:54 INFO  BookService:73 - find all books finish
2021-04-26 00:39:54 INFO  BookService:65 - find all books start
2021-04-26 00:39:54 INFO  BookService:73 - find all books finish
2021-04-26 00:39:54 INFO  BookService:65 - find all books start
2021-04-26 00:39:54 INFO  BookService:73 - find all books finish
2021-04-26 00:39:54 INFO  BookService:51 - find by id book start
2021-04-26 00:39:54 INFO  BookService:59 - find by id book finish
2021-04-26 00:39:54 INFO  BookService:44 - delete book start
2021-04-26 00:39:54 INFO  BookService:46 - delete book finish
2021-04-26 00:39:54 INFO  BookService:65 - find all books start
2021-04-26 00:39:54 INFO  BookService:73 - find all books finish
2021-05-03 16:03:45 INFO  AuthorService:22 - create author start
2021-05-03 16:03:45 INFO  AuthorService:27 - create author finish
2021-05-03 16:03:45 ERROR AuthorService:30 - 
2021-05-03 16:04:07 INFO  AuthorService:87 - finding all authors start
2021-05-03 16:04:07 INFO  AuthorService:95 - finding all authors finish
2021-05-03 16:04:20 INFO  AuthorService:22 - create author start
2021-05-03 16:04:20 INFO  AuthorService:27 - create author finish
2021-05-03 16:04:20 ERROR AuthorService:30 - 
2021-05-03 16:04:58 INFO  AuthorService:87 - finding all authors start
2021-05-03 16:04:58 INFO  AuthorService:95 - finding all authors finish
2021-05-03 16:04:58 INFO  AuthorService:22 - create author start
2021-05-03 16:04:58 INFO  AuthorService:27 - create author finish
2021-05-03 16:04:58 ERROR AuthorService:30 - 
2021-05-03 16:04:58 INFO  AuthorService:87 - finding all authors start
2021-05-03 16:04:58 INFO  AuthorService:95 - finding all authors finish
2021-05-03 16:05:19 INFO  AuthorService:87 - finding all authors start
2021-05-03 16:05:19 INFO  AuthorService:95 - finding all authors finish
2021-05-03 16:05:37 INFO  AuthorService:22 - create author start
2021-05-03 16:06:05 INFO  AuthorService:27 - create author finish
2021-05-03 16:07:09 ERROR AuthorService:30 - 
2021-05-03 16:07:09 INFO  AuthorService:87 - finding all authors start
2021-05-03 16:07:09 INFO  AuthorService:95 - finding all authors finish
2021-05-03 16:09:04 INFO  AuthorService:87 - finding all authors start
2021-05-03 16:09:04 INFO  AuthorService:95 - finding all authors finish
2021-05-03 16:09:04 INFO  AuthorService:22 - create author start
2021-05-03 16:09:04 INFO  AuthorService:27 - create author finish
2021-05-03 16:09:04 INFO  AuthorService:87 - finding all authors start
2021-05-03 16:09:05 ERROR AuthorService:98 - Index 1 out of bounds for length 1
2021-05-03 16:09:24 INFO  AuthorService:87 - finding all authors start
2021-05-03 16:09:24 ERROR AuthorService:98 - Index 1 out of bounds for length 1
2021-05-03 16:10:00 INFO  AuthorService:87 - finding all authors start
2021-05-03 16:10:00 ERROR AuthorService:98 - Index 1 out of bounds for length 1
2021-05-03 16:10:45 INFO  AuthorService:87 - finding all authors start
2021-05-03 16:10:45 ERROR AuthorService:98 - Index 1 out of bounds for length 1
2021-05-03 16:11:01 INFO  AuthorService:87 - finding all authors start
2021-05-03 16:11:12 ERROR AuthorService:98 - Index 1 out of bounds for length 1
2021-05-03 16:11:30 INFO  AuthorService:87 - finding all authors start
2021-05-03 16:12:30 ERROR AuthorService:98 - Index 1 out of bounds for length 1
2021-05-03 16:38:15 INFO  AuthorService:87 - finding all authors start
2021-05-03 16:38:27 ERROR AuthorService:98 - Index 1 out of bounds for length 1
2021-05-03 16:38:39 INFO  AuthorService:87 - finding all authors start
2021-05-03 16:40:03 INFO  AuthorService:87 - finding all authors start
2021-05-03 16:40:03 ERROR AuthorService:98 - Index 1 out of bounds for length 1
2021-05-03 16:40:23 INFO  AuthorService:87 - finding all authors start
2021-05-03 16:43:50 ERROR AuthorService:98 - Index 1 out of bounds for length 1
2021-05-03 16:43:52 INFO  AuthorService:87 - finding all authors start
2021-05-03 16:43:52 ERROR AuthorService:98 - Unparseable date: "created"
2021-05-03 16:44:18 INFO  AuthorService:87 - finding all authors start
2021-05-03 16:45:39 ERROR AuthorService:98 - Unparseable date: "created"
2021-05-03 16:45:46 INFO  AuthorService:87 - finding all authors start
2021-05-03 16:46:12 ERROR AuthorService:98 - Unparseable date: "created"
2021-05-03 16:48:37 INFO  AuthorService:87 - finding all authors start
2021-05-03 16:48:37 INFO  AuthorService:95 - finding all authors finish
2021-05-03 16:48:37 INFO  AuthorService:22 - create author start
2021-05-03 16:48:37 INFO  AuthorService:27 - create author finish
2021-05-03 16:48:37 INFO  AuthorService:87 - finding all authors start
2021-05-03 16:48:37 ERROR AuthorService:98 - Unparseable date: "Mon May 03 16:48:37 MSK 2021"
2021-05-03 16:49:23 INFO  AuthorService:87 - finding all authors start
2021-05-03 16:49:23 INFO  AuthorService:95 - finding all authors finish
2021-05-03 16:49:23 INFO  AuthorService:22 - create author start
2021-05-03 16:49:23 INFO  AuthorService:27 - create author finish
2021-05-03 16:50:12 INFO  AuthorService:87 - finding all authors start
2021-05-03 16:50:20 ERROR AuthorService:98 - Unparseable date: "Mon May 03 16:49:23 MSK 2021"
2021-05-03 16:50:31 INFO  AuthorService:87 - finding all authors start
2021-05-03 16:50:31 INFO  AuthorService:95 - finding all authors finish
2021-05-03 16:50:31 INFO  AuthorService:22 - create author start
2021-05-03 16:50:31 INFO  AuthorService:27 - create author finish
2021-05-03 16:50:34 INFO  AuthorService:87 - finding all authors start
2021-05-03 16:52:11 ERROR AuthorService:98 - Unparseable date: "Mon May 03 16:50:31 MSK 2021"
2021-05-03 16:52:54 INFO  AuthorService:87 - finding all authors start
2021-05-03 16:52:54 INFO  AuthorService:95 - finding all authors finish
2021-05-03 16:52:54 INFO  AuthorService:22 - create author start
2021-05-03 16:52:54 INFO  AuthorService:27 - create author finish
2021-05-03 16:52:55 INFO  AuthorService:87 - finding all authors start
2021-05-03 16:52:55 ERROR AuthorService:98 - Unparseable date: "Mon May 03 16:52:54 MSK 2021"
2021-05-03 16:53:10 INFO  AuthorService:87 - finding all authors start
2021-05-03 16:53:10 INFO  AuthorService:95 - finding all authors finish
2021-05-03 16:53:10 INFO  AuthorService:22 - create author start
2021-05-03 16:53:10 INFO  AuthorService:27 - create author finish
2021-05-03 16:55:56 INFO  AuthorService:87 - finding all authors start
2021-05-03 16:55:56 ERROR AuthorService:98 - Unparseable date: "Mon May 03 16:53:10 MSK 2021"
2021-05-03 16:58:44 INFO  AuthorService:87 - finding all authors start
2021-05-03 16:58:44 INFO  AuthorService:95 - finding all authors finish
2021-05-03 16:58:44 INFO  AuthorService:22 - create author start
2021-05-03 16:58:44 INFO  AuthorService:27 - create author finish
2021-05-03 16:58:48 INFO  AuthorService:87 - finding all authors start
2021-05-03 17:00:37 ERROR AuthorService:98 - Unparseable date: "Mon May 03 16:58:44 MSK 2021"
2021-05-03 17:00:40 INFO  AuthorService:87 - finding all authors start
2021-05-03 17:00:40 INFO  AuthorService:95 - finding all authors finish
2021-05-03 17:00:40 INFO  AuthorService:22 - create author start
2021-05-03 17:00:40 INFO  AuthorService:27 - create author finish
2021-05-03 17:00:40 INFO  AuthorService:87 - finding all authors start
2021-05-03 17:00:40 ERROR AuthorService:98 - book not found
2021-05-03 17:00:43 INFO  AuthorService:87 - finding all authors start
2021-05-03 17:00:43 INFO  AuthorService:95 - finding all authors finish
2021-05-03 17:00:43 INFO  AuthorService:22 - create author start
2021-05-03 17:00:43 INFO  AuthorService:27 - create author finish
2021-05-03 17:00:50 INFO  AuthorService:87 - finding all authors start
2021-05-03 17:02:02 ERROR AuthorService:98 - book not found
2021-05-03 17:02:28 INFO  AuthorService:87 - finding all authors start
2021-05-03 17:02:28 INFO  AuthorService:95 - finding all authors finish
2021-05-03 17:02:28 INFO  AuthorService:22 - create author start
2021-05-03 17:02:28 INFO  AuthorService:27 - create author finish
2021-05-03 17:02:28 INFO  AuthorService:87 - finding all authors start
2021-05-03 17:02:28 INFO  AuthorService:95 - finding all authors finish
2021-05-03 17:02:28 INFO  AuthorService:67 - finding by id author start
2021-05-03 17:02:28 ERROR AuthorService:78 - book not found
2021-05-03 17:02:50 INFO  AuthorService:87 - finding all authors start
2021-05-03 17:02:50 INFO  AuthorService:95 - finding all authors finish
2021-05-03 17:02:50 INFO  AuthorService:22 - create author start
2021-05-03 17:02:50 INFO  AuthorService:27 - create author finish
2021-05-03 17:02:53 INFO  AuthorService:87 - finding all authors start
2021-05-03 17:03:37 INFO  AuthorService:95 - finding all authors finish
2021-05-03 17:03:50 INFO  AuthorService:67 - finding by id author start
2021-05-03 17:03:50 ERROR AuthorService:78 - book not found
2021-05-03 17:04:13 INFO  AuthorService:87 - finding all authors start
2021-05-03 17:04:13 INFO  AuthorService:95 - finding all authors finish
2021-05-03 17:04:13 INFO  AuthorService:22 - create author start
2021-05-03 17:04:13 INFO  AuthorService:27 - create author finish
2021-05-03 17:04:17 INFO  AuthorService:87 - finding all authors start
2021-05-03 17:04:17 INFO  AuthorService:95 - finding all authors finish
2021-05-03 17:04:25 INFO  AuthorService:67 - finding by id author start
2021-05-03 17:04:37 ERROR AuthorService:78 - book not found
2021-05-03 17:04:43 INFO  AuthorService:87 - finding all authors start
2021-05-03 17:04:43 INFO  AuthorService:95 - finding all authors finish
2021-05-03 17:04:43 INFO  AuthorService:22 - create author start
2021-05-03 17:04:43 INFO  AuthorService:27 - create author finish
2021-05-03 17:04:44 INFO  AuthorService:87 - finding all authors start
2021-05-03 17:04:45 INFO  AuthorService:95 - finding all authors finish
2021-05-03 17:04:47 INFO  AuthorService:67 - finding by id author start
2021-05-03 17:05:34 ERROR AuthorService:78 - book not found
2021-05-03 17:05:37 INFO  AuthorService:87 - finding all authors start
2021-05-03 17:05:37 INFO  AuthorService:95 - finding all authors finish
2021-05-03 17:05:37 INFO  AuthorService:22 - create author start
2021-05-03 17:05:37 INFO  AuthorService:27 - create author finish
2021-05-03 17:05:37 INFO  AuthorService:87 - finding all authors start
2021-05-03 17:05:37 INFO  AuthorService:95 - finding all authors finish
2021-05-03 17:05:37 INFO  AuthorService:67 - finding by id author start
2021-05-03 17:05:37 INFO  AuthorService:75 - finding by id author finish
2021-05-03 17:05:37 INFO  AuthorService:87 - finding all authors start
2021-05-03 17:05:37 INFO  AuthorService:95 - finding all authors finish
2021-05-03 17:06:22 INFO  AuthorService:87 - finding all authors start
2021-05-03 17:06:22 INFO  AuthorService:95 - finding all authors finish
2021-05-03 17:06:22 INFO  AuthorService:22 - create author start
2021-05-03 17:06:22 INFO  AuthorService:27 - create author finish
2021-05-03 17:06:22 INFO  AuthorService:87 - finding all authors start
2021-05-03 17:06:22 INFO  AuthorService:95 - finding all authors finish
2021-05-03 17:06:22 INFO  AuthorService:67 - finding by id author start
2021-05-03 17:06:22 INFO  AuthorService:75 - finding by id author finish
2021-05-03 17:06:22 INFO  AuthorService:87 - finding all authors start
2021-05-03 17:06:22 INFO  AuthorService:95 - finding all authors finish
2021-05-03 17:06:22 INFO  AuthorService:87 - finding all authors start
2021-05-03 17:06:22 INFO  AuthorService:95 - finding all authors finish
2021-05-03 17:06:22 INFO  AuthorService:87 - finding all authors start
2021-05-03 17:06:22 INFO  AuthorService:95 - finding all authors finish
2021-05-03 17:06:22 INFO  AuthorService:67 - finding by id author start
2021-05-03 17:06:22 INFO  AuthorService:75 - finding by id author finish
2021-05-03 17:06:22 INFO  AuthorService:38 - update author start
2021-05-03 17:06:22 INFO  AuthorService:44 - update author finish
2021-05-03 17:06:22 INFO  AuthorService:87 - finding all authors start
2021-05-03 17:06:22 INFO  AuthorService:95 - finding all authors finish
2021-05-03 17:06:22 INFO  AuthorService:67 - finding by id author start
2021-05-03 17:06:22 INFO  AuthorService:75 - finding by id author finish
2021-05-03 17:06:39 INFO  AuthorService:87 - finding all authors start
2021-05-03 17:06:39 INFO  AuthorService:95 - finding all authors finish
2021-05-03 17:06:39 INFO  AuthorService:22 - create author start
2021-05-03 17:06:39 INFO  AuthorService:27 - create author finish
2021-05-03 17:06:39 INFO  AuthorService:87 - finding all authors start
2021-05-03 17:06:39 INFO  AuthorService:95 - finding all authors finish
2021-05-03 17:06:39 INFO  AuthorService:67 - finding by id author start
2021-05-03 17:06:39 INFO  AuthorService:75 - finding by id author finish
2021-05-03 17:06:39 INFO  AuthorService:87 - finding all authors start
2021-05-03 17:06:39 INFO  AuthorService:95 - finding all authors finish
2021-05-03 17:06:39 INFO  AuthorService:87 - finding all authors start
2021-05-03 17:06:39 INFO  AuthorService:95 - finding all authors finish
2021-05-03 17:06:39 INFO  AuthorService:87 - finding all authors start
2021-05-03 17:06:39 INFO  AuthorService:95 - finding all authors finish
2021-05-03 17:06:39 INFO  AuthorService:67 - finding by id author start
2021-05-03 17:06:39 INFO  AuthorService:75 - finding by id author finish
2021-05-03 17:06:39 INFO  AuthorService:55 - delete author start
2021-05-03 17:06:39 INFO  AuthorService:57 - delete author finish
2021-05-03 17:06:39 INFO  AuthorService:87 - finding all authors start
2021-05-03 17:06:39 INFO  AuthorService:95 - finding all authors finish
2021-05-03 17:06:45 INFO  BookService:88 - find all books start
2021-05-03 17:06:45 INFO  BookService:96 - find all books finish
2021-05-03 17:06:45 INFO  BookService:22 - create book start
2021-05-03 17:06:45 INFO  BookService:28 - create book finish
2021-05-03 17:06:45 INFO  BookService:88 - find all books start
2021-05-03 17:06:45 INFO  BookService:96 - find all books finish
2021-05-03 17:07:03 INFO  BookService:88 - find all books start
2021-05-03 17:07:14 INFO  BookService:96 - find all books finish
2021-05-03 17:07:29 INFO  BookService:22 - create book start
2021-05-03 17:07:33 INFO  BookService:28 - create book finish
2021-05-03 17:09:23 INFO  BookService:88 - find all books start
2021-05-03 17:09:23 INFO  BookService:96 - find all books finish
2021-05-03 17:09:27 INFO  BookService:88 - find all books start
2021-05-03 17:09:27 INFO  BookService:96 - find all books finish
2021-05-03 17:09:31 INFO  BookService:22 - create book start
2021-05-03 17:09:36 INFO  BookService:28 - create book finish
2021-05-03 17:11:19 INFO  BookService:88 - find all books start
2021-05-03 17:11:19 INFO  BookService:96 - find all books finish
2021-05-03 17:11:22 INFO  BookService:88 - find all books start
2021-05-03 17:11:22 INFO  BookService:96 - find all books finish
2021-05-03 17:11:22 INFO  BookService:22 - create book start
2021-05-03 17:11:22 INFO  BookService:28 - create book finish
2021-05-03 17:11:22 INFO  BookService:88 - find all books start
2021-05-03 17:11:22 INFO  BookService:96 - find all books finish
2021-05-03 17:11:22 INFO  BookService:68 - find by id book start
2021-05-03 17:11:22 INFO  BookService:76 - find by id book finish
2021-05-03 17:11:22 INFO  BookService:88 - find all books start
2021-05-03 17:11:22 INFO  BookService:96 - find all books finish
2021-05-03 17:11:52 INFO  AuthorService:87 - finding all authors start
2021-05-03 17:11:52 INFO  AuthorService:95 - finding all authors finish
2021-05-03 17:11:52 INFO  AuthorService:22 - create author start
2021-05-03 17:11:52 INFO  AuthorService:27 - create author finish
2021-05-03 17:11:52 INFO  AuthorService:87 - finding all authors start
2021-05-03 17:11:52 INFO  AuthorService:95 - finding all authors finish
2021-05-03 17:11:52 INFO  AuthorService:67 - finding by id author start
2021-05-03 17:11:52 INFO  AuthorService:75 - finding by id author finish
2021-05-03 17:11:52 INFO  AuthorService:87 - finding all authors start
2021-05-03 17:11:52 INFO  AuthorService:95 - finding all authors finish
2021-05-03 17:11:52 INFO  AuthorService:87 - finding all authors start
2021-05-03 17:11:52 INFO  AuthorService:95 - finding all authors finish
2021-05-03 17:11:52 INFO  AuthorService:87 - finding all authors start
2021-05-03 17:11:52 INFO  AuthorService:95 - finding all authors finish
2021-05-03 17:11:52 INFO  AuthorService:67 - finding by id author start
2021-05-03 17:11:52 INFO  AuthorService:75 - finding by id author finish
2021-05-03 17:11:52 INFO  AuthorService:38 - update author start
2021-05-03 17:11:52 INFO  AuthorService:44 - update author finish
2021-05-03 17:11:52 INFO  AuthorService:87 - finding all authors start
2021-05-03 17:11:52 INFO  AuthorService:95 - finding all authors finish
2021-05-03 17:11:52 INFO  AuthorService:67 - finding by id author start
2021-05-03 17:11:52 INFO  AuthorService:75 - finding by id author finish
2021-05-03 17:11:52 INFO  AuthorService:87 - finding all authors start
2021-05-03 17:11:52 INFO  AuthorService:95 - finding all authors finish
2021-05-03 17:11:52 INFO  AuthorService:22 - create author start
2021-05-03 17:11:52 INFO  AuthorService:27 - create author finish
2021-05-03 17:11:52 INFO  AuthorService:87 - finding all authors start
2021-05-03 17:11:52 INFO  AuthorService:95 - finding all authors finish
2021-05-03 17:11:52 INFO  AuthorService:67 - finding by id author start
2021-05-03 17:11:52 INFO  AuthorService:75 - finding by id author finish
2021-05-03 17:11:52 INFO  AuthorService:87 - finding all authors start
2021-05-03 17:11:52 INFO  AuthorService:95 - finding all authors finish
2021-05-03 17:11:52 INFO  AuthorService:87 - finding all authors start
2021-05-03 17:11:52 INFO  AuthorService:95 - finding all authors finish
2021-05-03 17:11:52 INFO  AuthorService:87 - finding all authors start
2021-05-03 17:11:52 INFO  AuthorService:95 - finding all authors finish
2021-05-03 17:11:52 INFO  AuthorService:67 - finding by id author start
2021-05-03 17:11:52 INFO  AuthorService:75 - finding by id author finish
2021-05-03 17:11:52 INFO  AuthorService:55 - delete author start
2021-05-03 17:11:52 INFO  AuthorService:57 - delete author finish
2021-05-03 17:11:52 INFO  AuthorService:87 - finding all authors start
2021-05-03 17:11:52 INFO  AuthorService:95 - finding all authors finish
2021-05-03 17:11:52 INFO  BookService:88 - find all books start
2021-05-03 17:11:52 INFO  BookService:96 - find all books finish
2021-05-03 17:11:52 INFO  BookService:22 - create book start
2021-05-03 17:11:52 INFO  BookService:28 - create book finish
2021-05-03 17:11:52 INFO  BookService:88 - find all books start
2021-05-03 17:11:52 INFO  BookService:96 - find all books finish
2021-05-03 17:11:52 INFO  BookService:68 - find by id book start
2021-05-03 17:11:52 INFO  BookService:76 - find by id book finish
2021-05-03 17:11:52 INFO  BookService:88 - find all books start
2021-05-03 17:11:52 INFO  BookService:96 - find all books finish
2021-05-03 17:11:52 INFO  BookService:88 - find all books start
2021-05-03 17:11:52 INFO  BookService:96 - find all books finish
2021-05-03 17:11:52 INFO  BookService:68 - find by id book start
2021-05-03 17:11:52 INFO  BookService:76 - find by id book finish
2021-05-03 17:11:52 INFO  BookService:39 - update book start
2021-05-03 17:11:52 INFO  BookService:45 - update book finish
2021-05-03 17:11:52 INFO  BookService:88 - find all books start
2021-05-03 17:11:52 INFO  BookService:96 - find all books finish
2021-05-03 17:11:52 INFO  BookService:68 - find by id book start
2021-05-03 17:11:52 INFO  BookService:76 - find by id book finish
2021-05-03 17:11:52 INFO  AuthorService:87 - finding all authors start
2021-05-03 17:11:52 INFO  AuthorService:95 - finding all authors finish
2021-05-03 17:11:52 INFO  AuthorService:22 - create author start
2021-05-03 17:11:52 INFO  AuthorService:27 - create author finish
2021-05-03 17:11:52 INFO  AuthorService:87 - finding all authors start
2021-05-03 17:11:52 INFO  AuthorService:95 - finding all authors finish
2021-05-03 17:11:52 INFO  AuthorService:67 - finding by id author start
2021-05-03 17:11:52 INFO  AuthorService:75 - finding by id author finish
2021-05-03 17:11:52 INFO  AuthorService:87 - finding all authors start
2021-05-03 17:11:52 INFO  AuthorService:95 - finding all authors finish
2021-05-03 17:11:52 INFO  BookService:88 - find all books start
2021-05-03 17:11:52 INFO  BookService:96 - find all books finish
2021-05-03 17:11:52 INFO  BookService:22 - create book start
2021-05-03 17:11:52 INFO  BookService:28 - create book finish
2021-05-03 17:11:52 INFO  BookService:88 - find all books start
2021-05-03 17:11:52 INFO  BookService:96 - find all books finish
2021-05-03 17:11:52 INFO  BookService:68 - find by id book start
2021-05-03 17:11:52 INFO  BookService:76 - find by id book finish
2021-05-03 17:11:52 INFO  BookService:88 - find all books start
2021-05-03 17:11:52 INFO  BookService:96 - find all books finish
2021-05-03 17:11:52 INFO  BookService:88 - find all books start
2021-05-03 17:11:52 INFO  BookService:96 - find all books finish
2021-05-03 17:11:52 INFO  BookService:22 - create book start
2021-05-03 17:11:52 INFO  BookService:28 - create book finish
2021-05-03 17:11:52 INFO  BookService:88 - find all books start
2021-05-03 17:11:52 INFO  BookService:96 - find all books finish
2021-05-03 17:11:52 INFO  BookService:68 - find by id book start
2021-05-03 17:11:52 INFO  BookService:76 - find by id book finish
2021-05-03 17:11:52 INFO  BookService:88 - find all books start
2021-05-03 17:11:52 INFO  BookService:96 - find all books finish
2021-05-03 17:11:52 INFO  BookService:88 - find all books start
2021-05-03 17:11:52 INFO  BookService:96 - find all books finish
2021-05-03 17:11:52 INFO  BookService:88 - find all books start
2021-05-03 17:11:52 INFO  BookService:96 - find all books finish
2021-05-03 17:11:52 INFO  BookService:68 - find by id book start
2021-05-03 17:11:52 INFO  BookService:76 - find by id book finish
2021-05-03 17:11:52 INFO  BookService:56 - delete book start
2021-05-03 17:11:52 INFO  BookService:58 - delete book finish
2021-05-03 17:11:52 INFO  BookService:88 - find all books start
2021-05-03 17:11:52 INFO  BookService:96 - find all books finish
2021-05-03 17:12:09 INFO  AuthorService:22 - create author start
2021-05-03 17:12:09 INFO  AuthorService:27 - create author finish
2021-05-03 17:12:15 INFO  AuthorService:87 - finding all authors start
2021-05-03 17:12:15 INFO  AuthorService:95 - finding all authors finish
2021-05-03 17:12:36 INFO  AuthorService:87 - finding all authors start
2021-05-03 17:12:36 INFO  AuthorService:95 - finding all authors finish
2021-05-03 17:12:36 INFO  BookService:22 - create book start
2021-05-03 17:12:36 INFO  BookService:28 - create book finish
2021-05-03 17:12:41 INFO  BookService:88 - find all books start
2021-05-03 17:12:41 INFO  BookService:96 - find all books finish
2021-05-03 17:12:41 INFO  AuthorService:67 - finding by id author start
2021-05-03 17:12:41 INFO  AuthorService:75 - finding by id author finish
2021-05-03 17:12:57 INFO  AuthorService:22 - create author start
2021-05-03 17:12:57 INFO  AuthorService:27 - create author finish
2021-05-03 17:13:08 INFO  AuthorService:87 - finding all authors start
2021-05-03 17:13:08 INFO  AuthorService:95 - finding all authors finish
2021-05-03 17:13:13 INFO  AuthorService:87 - finding all authors start
2021-05-03 17:13:13 INFO  AuthorService:95 - finding all authors finish
2021-05-03 17:13:13 INFO  BookService:22 - create book start
2021-05-03 17:13:13 INFO  BookService:28 - create book finish
2021-05-03 17:13:17 INFO  BookService:88 - find all books start
2021-05-03 17:13:17 INFO  BookService:96 - find all books finish
2021-05-03 17:13:17 INFO  AuthorService:67 - finding by id author start
2021-05-03 17:13:17 INFO  AuthorService:75 - finding by id author finish
2021-05-03 17:13:17 INFO  AuthorService:67 - finding by id author start
2021-05-03 17:13:17 INFO  AuthorService:75 - finding by id author finish
2021-05-03 17:13:17 INFO  AuthorService:67 - finding by id author start
2021-05-03 17:13:17 INFO  AuthorService:75 - finding by id author finish
2021-05-03 17:13:35 INFO  BookService:68 - find by id book start
2021-05-03 17:13:35 INFO  BookService:76 - find by id book finish
2021-05-03 17:13:35 INFO  AuthorService:67 - finding by id author start
2021-05-03 17:13:35 INFO  AuthorService:75 - finding by id author finish
2021-05-03 17:13:35 INFO  AuthorService:67 - finding by id author start
2021-05-03 17:13:35 INFO  AuthorService:75 - finding by id author finish
2021-05-03 17:13:41 INFO  AuthorService:87 - finding all authors start
2021-05-03 17:13:41 INFO  AuthorService:95 - finding all authors finish
2021-05-03 17:13:54 INFO  AuthorService:67 - finding by id author start
2021-05-03 17:13:54 INFO  AuthorService:75 - finding by id author finish
2021-05-03 17:14:07 INFO  AuthorService:67 - finding by id author start
2021-05-03 17:14:07 INFO  AuthorService:75 - finding by id author finish
2021-05-03 17:14:07 INFO  BookService:121 - finding books by author start
2021-05-03 17:14:07 INFO  BookService:122 - finding books by author finish
2021-05-03 17:14:07 INFO  AuthorService:67 - finding by id author start
2021-05-03 17:14:07 INFO  AuthorService:75 - finding by id author finish
2021-05-03 17:14:07 INFO  AuthorService:67 - finding by id author start
2021-05-03 17:14:07 INFO  AuthorService:75 - finding by id author finish
2021-05-03 17:14:13 INFO  AuthorService:87 - finding all authors start
2021-05-03 17:14:13 INFO  AuthorService:95 - finding all authors finish
2021-05-03 17:14:35 INFO  AuthorService:67 - finding by id author start
2021-05-03 17:14:35 INFO  AuthorService:75 - finding by id author finish
2021-05-03 17:14:35 INFO  BookService:121 - finding books by author start
2021-05-03 17:14:35 INFO  BookService:122 - finding books by author finish
2021-05-03 17:14:35 INFO  AuthorService:67 - finding by id author start
2021-05-03 17:14:35 INFO  AuthorService:75 - finding by id author finish
2021-05-03 17:14:35 INFO  AuthorService:67 - finding by id author start
2021-05-03 17:14:35 INFO  AuthorService:75 - finding by id author finish
2021-05-03 17:14:35 INFO  AuthorService:67 - finding by id author start
2021-05-03 17:14:35 INFO  AuthorService:75 - finding by id author finish
2021-05-03 17:14:54 INFO  BookService:68 - find by id book start
2021-05-03 17:14:54 INFO  BookService:76 - find by id book finish
2021-05-03 17:14:54 INFO  AuthorService:107 - finding authors by book start
2021-05-03 17:14:54 INFO  AuthorService:108 - finding authors by book finish
2021-05-03 17:15:13 INFO  AuthorService:55 - delete author start
2021-05-03 17:15:13 INFO  AuthorService:57 - delete author finish
2021-05-03 17:15:18 INFO  AuthorService:87 - finding all authors start
2021-05-03 17:15:18 INFO  AuthorService:95 - finding all authors finish
2021-05-03 17:15:28 INFO  BookService:56 - delete book start
2021-05-03 17:15:28 INFO  BookService:58 - delete book finish
2021-05-03 17:15:33 INFO  BookService:88 - find all books start
2021-05-03 17:15:33 INFO  BookService:96 - find all books finish
2021-05-03 17:15:33 INFO  AuthorService:67 - finding by id author start
2021-05-03 17:15:33 INFO  AuthorService:75 - finding by id author finish
